SF:lib/core/errors/failure.dart
DA:5,5
DA:9,1
DA:10,2
LF:3
LH:3
end_of_record
SF:lib/data/models/memes_model.dart
DA:19,1
DA:20,1
LF:2
LH:2
end_of_record
SF:lib/data/models/memes_model.g.dart
DA:11,1
DA:12,1
DA:13,1
DA:14,1
DA:15,1
DA:16,1
DA:17,1
DA:18,1
DA:21,1
DA:22,1
DA:23,1
DA:24,1
DA:25,1
DA:26,1
DA:27,1
DA:28,1
LF:16
LH:16
end_of_record
SF:lib/domain/entities/memes.dart
DA:2,4
LF:1
LH:1
end_of_record
SF:lib/domain/usecases/get_memes.dart
DA:10,1
DA:13,1
DA:15,2
LF:3
LH:3
end_of_record
SF:lib/data/datasources/meme_datasources.dart
DA:16,0
DA:21,0
DA:23,0
DA:24,0
DA:28,0
DA:29,0
DA:30,0
DA:31,0
LF:8
LH:0
end_of_record
SF:lib/data/repositories/meme_repositories.dart
DA:9,1
DA:12,1
DA:14,2
LF:3
LH:3
end_of_record
SF:lib/presentation/bloc/get_meme_bloc.dart
DA:15,1
DA:17,2
DA:18,2
DA:19,1
DA:20,3
DA:22,3
DA:24,6
DA:25,5
LF:8
LH:8
end_of_record
SF:lib/presentation/bloc/get_meme_state.dart
DA:10,1
DA:15,1
LF:2
LH:2
end_of_record
